[  4%] Built target gtest
[  8%] Built target gtest_main
[ 17%] [32mBuilding CXX object CMakeFiles/ros2_behavior_tree_nodes.dir/src/node_registrar.cpp.o[0m
[ 19%] Built target example_custom_nodes
[ 21%] Built target ros2_behavior_tree
[ 25%] Built target custom_test_nodes
[ 29%] Built target minimal
[ 38%] Built target node
[ 42%] Built target action_server_lifecycle_node
[ 55%] Built target action_server_node
[ 55%] Built target custom_nodes
[ 59%] Built target bt_executor_bebop
[ 63%] Built target bt_executor
[ 70%] Built target lifecycle_node
In file included from [01m[K/home/rover/kameyama_ws/src/ros2_behavior_tree/ros2_behavior_tree/include/ros2_behavior_tree/action/create_transform_buffer_node.hpp:27[m[K,
                 from [01m[K/home/rover/kameyama_ws/src/ros2_behavior_tree/ros2_behavior_tree/src/node_registrar.cpp:22[m[K:
[01m[K/opt/ros/humble/include/tf2_geometry_msgs/tf2_geometry_msgs/tf2_geometry_msgs.h:35:2:[m[K [01;35m[Kwarning: [m[K#warning This header is obsolete, please include tf2_geometry_msgs/tf2_geometry_msgs.hpp instead [[01;35m[K]8;;https://gcc.gnu.org/onlinedocs/gcc/Warning-Options.html#index-Wcpp-Wcpp]8;;[m[K]
   35 | #[01;35m[Kwarning[m[K This header is obsolete, please include tf2_geometry_msgs/tf2_geometry_msgs.hpp instead
      |  [01;35m[K^~~~~~~[m[K
In file included from [01m[K/home/rover/kameyama_ws/src/ros2_behavior_tree/ros2_behavior_tree/src/node_registrar.cpp:79[m[K:
[01m[K/home/rover/kameyama_ws/src/ros2_behavior_tree/ros2_behavior_tree/include/ros2_behavior_tree/condition/mecanum_check_space.hpp:211:36:[m[K [01;31m[Kerror: [m[Kâ€˜[01m[KString[m[Kâ€™ is not a member of â€˜[01m[Kstd_msgs::msg[m[Kâ€™
  211 |   rclcpp::Publisher<std_msgs::msg::[01;31m[KString[m[K>::SharedPtr status_pub_;
      |                                    [01;31m[K^~~~~~[m[K
[01m[K/home/rover/kameyama_ws/src/ros2_behavior_tree/ros2_behavior_tree/include/ros2_behavior_tree/condition/mecanum_check_space.hpp:211:42:[m[K [01;31m[Kerror: [m[Ktemplate argument 1 is invalid
  211 |   rclcpp::Publisher<std_msgs::msg::String[01;31m[K>[m[K::SharedPtr status_pub_;
      |                                          [01;31m[K^[m[K
[01m[K/home/rover/kameyama_ws/src/ros2_behavior_tree/ros2_behavior_tree/include/ros2_behavior_tree/condition/mecanum_check_space.hpp:211:45:[m[K [01;31m[Kerror: [m[Kexpected â€˜[01m[K;[m[Kâ€™ at end of member declaration
  211 |   rclcpp::Publisher<std_msgs::msg::String>::[01;31m[KSharedPtr[m[K status_pub_;
      |                                             [01;31m[K^~~~~~~~~[m[K
      |                                                      [32m[K;[m[K
[01m[K/home/rover/kameyama_ws/src/ros2_behavior_tree/ros2_behavior_tree/include/ros2_behavior_tree/condition/mecanum_check_space.hpp:211:55:[m[K [01;31m[Kerror: [m[Kâ€˜[01m[Kstatus_pub_[m[Kâ€™ does not name a type
  211 |   rclcpp::Publisher<std_msgs::msg::String>::SharedPtr [01;31m[Kstatus_pub_[m[K;
      |                                                       [01;31m[K^~~~~~~~~~~[m[K
In file included from [01m[K/home/rover/kameyama_ws/src/ros2_behavior_tree/ros2_behavior_tree/src/node_registrar.cpp:79[m[K:
[01m[K/home/rover/kameyama_ws/src/ros2_behavior_tree/ros2_behavior_tree/include/ros2_behavior_tree/condition/mecanum_check_space.hpp:[m[K In constructor â€˜[01m[Kros2_behavior_tree::MecanumCheckSpace::MecanumCheckSpace(const string&, const BT::NodeConfiguration&)[m[Kâ€™:
[01m[K/home/rover/kameyama_ws/src/ros2_behavior_tree/ros2_behavior_tree/include/ros2_behavior_tree/condition/mecanum_check_space.hpp:58:31:[m[K [01;31m[Kerror: [m[Kâ€˜[01m[Kclass ros2_behavior_tree::MecanumCheckSpace[m[Kâ€™ has no member named â€˜[01m[Kcreate_publisher[m[Kâ€™
   58 |       space_posi_pub_ = this->[01;31m[Kcreate_publisher[m[K<geometry_msgs::msg::PointStamped>("/target_position_camera", 10);
      |                               [01;31m[K^~~~~~~~~~~~~~~~[m[K
[01m[K/home/rover/kameyama_ws/src/ros2_behavior_tree/ros2_behavior_tree/include/ros2_behavior_tree/condition/mecanum_check_space.hpp:58:80:[m[K [01;31m[Kerror: [m[Kexpected primary-expression before â€˜[01m[K>[m[Kâ€™ token
   58 |       space_posi_pub_ = this->create_publisher<geometry_msgs::msg::PointStamped[01;31m[K>[m[K("/target_position_camera", 10);
      |                                                                                [01;31m[K^[m[K
[01m[K/home/rover/kameyama_ws/src/ros2_behavior_tree/ros2_behavior_tree/include/ros2_behavior_tree/condition/mecanum_check_space.hpp:59:7:[m[K [01;31m[Kerror: [m[Kâ€˜[01m[Kstatus_pub_[m[Kâ€™ was not declared in this scope; did you mean â€˜[01m[Kstatus_[m[Kâ€™?
   59 |       [01;31m[Kstatus_pub_[m[K = this->create_publisher<std_msgs::msg::String>("/display_text", 10);
      |       [01;31m[K^~~~~~~~~~~[m[K
      |       [32m[Kstatus_[m[K
[01m[K/home/rover/kameyama_ws/src/ros2_behavior_tree/ros2_behavior_tree/include/ros2_behavior_tree/condition/mecanum_check_space.hpp:59:27:[m[K [01;31m[Kerror: [m[Kâ€˜[01m[Kclass ros2_behavior_tree::MecanumCheckSpace[m[Kâ€™ has no member named â€˜[01m[Kcreate_publisher[m[Kâ€™
   59 |       status_pub_ = this->[01;31m[Kcreate_publisher[m[K<std_msgs::msg::String>("/display_text", 10);
      |                           [01;31m[K^~~~~~~~~~~~~~~~[m[K
[01m[K/home/rover/kameyama_ws/src/ros2_behavior_tree/ros2_behavior_tree/include/ros2_behavior_tree/condition/mecanum_check_space.hpp:59:59:[m[K [01;31m[Kerror: [m[Kâ€˜[01m[KString[m[Kâ€™ is not a member of â€˜[01m[Kstd_msgs::msg[m[Kâ€™
   59 |       status_pub_ = this->create_publisher<std_msgs::msg::[01;31m[KString[m[K>("/display_text", 10);
      |                                                           [01;31m[K^~~~~~[m[K
In file included from [01m[K/home/rover/kameyama_ws/src/ros2_behavior_tree/ros2_behavior_tree/src/node_registrar.cpp:79[m[K:
[01m[K/home/rover/kameyama_ws/src/ros2_behavior_tree/ros2_behavior_tree/include/ros2_behavior_tree/condition/mecanum_check_space.hpp:[m[K In member function â€˜[01m[Kvirtual BT::NodeStatus ros2_behavior_tree::MecanumCheckSpace::tick()[m[Kâ€™:
[01m[K/home/rover/kameyama_ws/src/ros2_behavior_tree/ros2_behavior_tree/include/ros2_behavior_tree/condition/mecanum_check_space.hpp:165:36:[m[K [01;31m[Kerror: [m[Kâ€˜[01m[Kclass ros2_behavior_tree::MecanumCheckSpace[m[Kâ€™ has no member named â€˜[01m[Kget_clock[m[Kâ€™
  165 |     point_msg.header.stamp = this->[01;31m[Kget_clock[m[K()->now();
      |                                    [01;31m[K^~~~~~~~~[m[K
[01m[K/home/rover/kameyama_ws/src/ros2_behavior_tree/ros2_behavior_tree/include/ros2_behavior_tree/condition/mecanum_check_space.hpp:167:35:[m[K [01;31m[Kerror: [m[Kâ€˜[01m[KString[m[Kâ€™ is not a member of â€˜[01m[Kstd_msgs::msg[m[Kâ€™
  167 |     auto message = std_msgs::msg::[01;31m[KString[m[K();
      |                                   [01;31m[K^~~~~~[m[K
[01m[K/home/rover/kameyama_ws/src/ros2_behavior_tree/ros2_behavior_tree/include/ros2_behavior_tree/condition/mecanum_check_space.hpp:176:7:[m[K [01;31m[Kerror: [m[Kâ€˜[01m[Kpublisher_[m[Kâ€™ was not declared in this scope; did you mean â€˜[01m[Krmw_publisher_t[m[Kâ€™?
  176 |       [01;31m[Kpublisher_[m[K->publish(message);
      |       [01;31m[K^~~~~~~~~~[m[K
      |       [32m[Krmw_publisher_t[m[K
[01m[K/home/rover/kameyama_ws/src/ros2_behavior_tree/ros2_behavior_tree/include/ros2_behavior_tree/condition/mecanum_check_space.hpp:190:7:[m[K [01;31m[Kerror: [m[Kâ€˜[01m[Kpublisher_[m[Kâ€™ was not declared in this scope; did you mean â€˜[01m[Krmw_publisher_t[m[Kâ€™?
  190 |       [01;31m[Kpublisher_[m[K->publish(message);
      |       [01;31m[K^~~~~~~~~~[m[K
      |       [32m[Krmw_publisher_t[m[K
[01m[K/home/rover/kameyama_ws/src/ros2_behavior_tree/ros2_behavior_tree/include/ros2_behavior_tree/condition/mecanum_check_space.hpp:201:3:[m[K [01;35m[Kwarning: [m[Kcontrol reaches end of non-void function [[01;35m[K]8;;https://gcc.gnu.org/onlinedocs/gcc/Warning-Options.html#index-Wreturn-type-Wreturn-type]8;;[m[K]
  201 |   [01;35m[K}[m[K
      |   [01;35m[K^[m[K
gmake[2]: *** [CMakeFiles/ros2_behavior_tree_nodes.dir/build.make:76: CMakeFiles/ros2_behavior_tree_nodes.dir/src/node_registrar.cpp.o] ã‚¨ãƒ©ãƒ¼ 1
gmake[1]: *** [CMakeFiles/Makefile2:224: CMakeFiles/ros2_behavior_tree_nodes.dir/all] ã‚¨ãƒ©ãƒ¼ 2
gmake: *** [Makefile:146: all] ã‚¨ãƒ©ãƒ¼ 2
