[35m[1mConsolidate compiler generated dependencies of target ros2_behavior_tree_nodes[0m
[  4%] Built target gtest_main
[ 10%] Built target example_custom_nodes
[ 12%] Built target gtest
[ 19%] Built target ros2_behavior_tree
[ 23%] Built target custom_test_nodes
[ 25%] [32mBuilding CXX object CMakeFiles/ros2_behavior_tree_nodes.dir/src/node_registrar.cpp.o[0m
[ 31%] Built target lifecycle_node
[ 46%] Built target custom_nodes
[ 46%] Built target bt_executor
[ 51%] Built target bt_executor_bebop
[ 53%] Built target node
[ 57%] Built target minimal
[ 63%] Built target action_server_lifecycle_node
[ 70%] Built target action_server_node
In file included from [01m[K/home/rover/kameyama_ws/src/ros2_behavior_tree/ros2_behavior_tree/include/ros2_behavior_tree/action/create_transform_buffer_node.hpp:27[m[K,
                 from [01m[K/home/rover/kameyama_ws/src/ros2_behavior_tree/ros2_behavior_tree/src/node_registrar.cpp:22[m[K:
[01m[K/opt/ros/humble/include/tf2_geometry_msgs/tf2_geometry_msgs/tf2_geometry_msgs.h:35:2:[m[K [01;35m[Kwarning: [m[K#warning This header is obsolete, please include tf2_geometry_msgs/tf2_geometry_msgs.hpp instead [[01;35m[K]8;;https://gcc.gnu.org/onlinedocs/gcc/Warning-Options.html#index-Wcpp-Wcpp]8;;[m[K]
   35 | #[01;35m[Kwarning[m[K This header is obsolete, please include tf2_geometry_msgs/tf2_geometry_msgs.hpp instead
      |  [01;35m[K^~~~~~~[m[K
In file included from [01m[K/home/rover/kameyama_ws/src/ros2_behavior_tree/ros2_behavior_tree/src/node_registrar.cpp:79[m[K:
[01m[K/home/rover/kameyama_ws/src/ros2_behavior_tree/ros2_behavior_tree/include/ros2_behavior_tree/condition/mecanum_check_space.hpp:[m[K In constructor â€˜[01m[Kros2_behavior_tree::MecanumCheckSpace::MecanumCheckSpace(const string&, const BT::NodeConfiguration&)[m[Kâ€™:
[01m[K/home/rover/kameyama_ws/src/ros2_behavior_tree/ros2_behavior_tree/include/ros2_behavior_tree/condition/mecanum_check_space.hpp:61:5:[m[K [01;31m[Kerror: [m[Kâ€˜[01m[Kplace_pose_sub_[m[Kâ€™ was not declared in this scope; did you mean â€˜[01m[Kbasepose_sub_[m[Kâ€™?
   61 |     [01;31m[Kplace_pose_sub_[m[K = node_->create_subscription<geometry_msgs::msg::PoseStamped>(
      |     [01;31m[K^~~~~~~~~~~~~~~[m[K
      |     [32m[Kbasepose_sub_[m[K
[01m[K/home/rover/kameyama_ws/src/ros2_behavior_tree/ros2_behavior_tree/include/ros2_behavior_tree/condition/mecanum_check_space.hpp:[m[K In lambda function:
[01m[K/home/rover/kameyama_ws/src/ros2_behavior_tree/ros2_behavior_tree/include/ros2_behavior_tree/condition/mecanum_check_space.hpp:65:9:[m[K [01;31m[Kerror: [m[Kâ€˜[01m[Kreceived_base_pose_[m[Kâ€™ was not declared in this scope; did you mean â€˜[01m[Kreceived_place_pose_[m[Kâ€™?
   65 |         [01;31m[Kreceived_base_pose_[m[K = true;
      |         [01;31m[K^~~~~~~~~~~~~~~~~~~[m[K
      |         [32m[Kreceived_place_pose_[m[K
In file included from [01m[K/home/rover/kameyama_ws/src/ros2_behavior_tree/ros2_behavior_tree/src/node_registrar.cpp:79[m[K:
[01m[K/home/rover/kameyama_ws/src/ros2_behavior_tree/ros2_behavior_tree/include/ros2_behavior_tree/condition/mecanum_check_space.hpp:[m[K In member function â€˜[01m[Kvirtual BT::NodeStatus ros2_behavior_tree::MecanumCheckSpace::tick()[m[Kâ€™:
[01m[K/home/rover/kameyama_ws/src/ros2_behavior_tree/ros2_behavior_tree/include/ros2_behavior_tree/condition/mecanum_check_space.hpp:195:27:[m[K [01;31m[Kerror: [m[Kâ€˜[01m[Kbase_pose_position_[m[Kâ€™ was not declared in this scope; did you mean â€˜[01m[Kplace_pose_position_[m[Kâ€™?
  195 |       point_msg.point.x = [01;31m[Kbase_pose_position_[m[K.pose.position.x + 0.2;
      |                           [01;31m[K^~~~~~~~~~~~~~~~~~~[m[K
      |                           [32m[Kplace_pose_position_[m[K
[01m[K/home/rover/kameyama_ws/src/ros2_behavior_tree/ros2_behavior_tree/include/ros2_behavior_tree/condition/mecanum_check_space.hpp:210:27:[m[K [01;31m[Kerror: [m[Kâ€˜[01m[Kbase_pose_position_[m[Kâ€™ was not declared in this scope; did you mean â€˜[01m[Kplace_pose_position_[m[Kâ€™?
  210 |       point_msg.point.x = [01;31m[Kbase_pose_position_[m[K.pose.position.x + 0.2;
      |                           [01;31m[K^~~~~~~~~~~~~~~~~~~[m[K
      |                           [32m[Kplace_pose_position_[m[K
[01m[K/home/rover/kameyama_ws/src/ros2_behavior_tree/ros2_behavior_tree/include/ros2_behavior_tree/condition/mecanum_check_space.hpp:227:3:[m[K [01;35m[Kwarning: [m[Kcontrol reaches end of non-void function [[01;35m[K]8;;https://gcc.gnu.org/onlinedocs/gcc/Warning-Options.html#index-Wreturn-type-Wreturn-type]8;;[m[K]
  227 |   [01;35m[K}[m[K
      |   [01;35m[K^[m[K
gmake[2]: *** [CMakeFiles/ros2_behavior_tree_nodes.dir/build.make:76: CMakeFiles/ros2_behavior_tree_nodes.dir/src/node_registrar.cpp.o] ã‚¨ãƒ©ãƒ¼ 1
gmake[1]: *** [CMakeFiles/Makefile2:224: CMakeFiles/ros2_behavior_tree_nodes.dir/all] ã‚¨ãƒ©ãƒ¼ 2
gmake: *** [Makefile:146: all] ã‚¨ãƒ©ãƒ¼ 2
