[0.065s] Invoking command in '/home/rover/kameyama_ws/build/ar_track_alvar_msgs': CMAKE_PREFIX_PATH=${CMAKE_PREFIX_PATH}:/home/rover/kameyama_ws/install/ros2_aruco:/home/rover/kameyama_ws/install/failure_detection:/home/rover/kameyama_ws/install/bt_generator:/home/rover/amir_basic_ws/install/nav2_simple_commander:/home/rover/amir_basic_ws/install/camera_calibration:/opt/ros/humble /usr/bin/cmake --build /home/rover/kameyama_ws/build/ar_track_alvar_msgs -- -j12 -l12
[0.671s] [ 12%] Built target ar_track_alvar_msgs__cpp
[0.671s] [ 12%] Built target ar_track_alvar_msgs__rosidl_generator_c
[0.671s] [ 12%] Built target ament_cmake_python_symlink_ar_track_alvar_msgs
[0.671s] [ 23%] Built target ar_track_alvar_msgs__rosidl_typesupport_cpp
[0.671s] [ 33%] Built target ar_track_alvar_msgs__rosidl_typesupport_introspection_cpp
[0.671s] [ 43%] Built target ar_track_alvar_msgs__rosidl_typesupport_fastrtps_cpp
[0.671s] [ 53%] Built target ar_track_alvar_msgs__rosidl_typesupport_fastrtps_c
[0.671s] [ 64%] Built target ar_track_alvar_msgs__rosidl_typesupport_c
[0.671s] [ 74%] Built target ar_track_alvar_msgs__rosidl_typesupport_introspection_c
[0.671s] [ 74%] Built target ar_track_alvar_msgs
[0.671s] [ 76%] Built target ar_track_alvar_msgs__py
[0.671s] [ 84%] Built target ar_track_alvar_msgs__rosidl_generator_py
[0.671s] gmake[1]: *** [CMakeFiles/Makefile2:504: CMakeFiles/ar_track_alvar_msgs__rosidl_typesupport_fastrtps_c__pyext.dir/all] 割り込み
[0.671s] gmake[1]: *** [CMakeFiles/Makefile2:534: CMakeFiles/ar_track_alvar_msgs__rosidl_typesupport_introspection_c__pyext.dir/all] 割り込み
[0.671s] Traceback (most recent call last):
[0.672s]   File "/home/rover/kameyama_ws/build/ar_track_alvar_msgs/ament_cmake_python/ar_track_alvar_msgs/setup.py", line 1, in <module>
[0.672s]     from setuptools import find_packages
[0.672s]   File "/home/rover/.local/lib/python3.10/site-packages/setuptools/__init__.py", line 16, in <module>
[0.672s] gmake[1]: *** [CMakeFiles/Makefile2:563: CMakeFiles/ar_track_alvar_msgs__rosidl_typesupport_c__pyext.dir/all] 割り込み
[0.672s]     from setuptools.dist import Distribution
[0.672s]   File "/home/rover/.local/lib/python3.10/site-packages/setuptools/dist.py", line 33, in <module>
[0.672s]     from setuptools.extern import nspektr
[0.672s]   File "<frozen importlib._bootstrap>", line 1027, in _find_and_load
[0.672s]   File "<frozen importlib._bootstrap>", line 1006, in _find_and_load_unlocked
[0.672s]   File "<frozen importlib._bootstrap>", line 674, in _load_unlocked
[0.672s]   File "<frozen importlib._bootstrap>", line 571, in module_from_spec
[0.672s]   File "/home/rover/.local/lib/python3.10/site-packages/setuptools/extern/__init__.py", line 52, in create_module
[0.672s]     return self.load_module(spec.name)
[0.672s]   File "/home/rover/.local/lib/python3.10/site-packages/setuptools/extern/__init__.py", line 37, in load_module
[0.672s]     __import__(extant)
[0.672s]   File "/home/rover/.local/lib/python3.10/site-packages/setuptools/_vendor/nspektr/__init__.py", line 5, in <module>
[0.672s]     from setuptools.extern.packaging.requirements import Requirement
[0.672s]   File "/home/rover/.local/lib/python3.10/site-packages/setuptools/_vendor/packaging/requirements.py", line 23, in <module>
[0.672s]     from .markers import MARKER_EXPR, Marker
[0.672s]   File "/home/rover/.local/lib/python3.10/site-packages/setuptools/_vendor/packaging/markers.py", line 23, in <module>
[0.672s]     from .specifiers import InvalidSpecifier, Specifier
[0.672s]   File "/home/rover/.local/lib/python3.10/site-packages/setuptools/_vendor/packaging/specifiers.py", line 24, in <module>
[0.672s]     from .utils import canonicalize_version
[0.672s]   File "/home/rover/.local/lib/python3.10/site-packages/setuptools/_vendor/packaging/utils.py", line 8, in <module>
[0.672s]     from .tags import Tag, parse_tag
[0.673s]   File "/home/rover/.local/lib/python3.10/site-packages/setuptools/_vendor/packaging/tags.py", line 176, in <module>
[0.673s]     ) -> Iterator[Tag]:
[0.673s]   File "/usr/lib/python3.10/typing.py", line 309, in inner
[0.673s]     return cached(*args, **kwds)
[0.673s]   File "/usr/lib/python3.10/typing.py", line 1145, in __getitem__
[0.673s]     return self.copy_with(params)
[0.673s]   File "/usr/lib/python3.10/typing.py", line 1148, in copy_with
[0.673s]     return _GenericAlias(self.__origin__, params,
[0.673s]   File "/usr/lib/python3.10/typing.py", line 1019, in __init__
[0.673s]     super().__init__(origin, inst=inst, name=name)
[0.673s]   File "/usr/lib/python3.10/typing.py", line 951, in __init__
[0.673s]     self.__slots__ = None  # This is not documented.
[0.673s]   File "/usr/lib/python3.10/typing.py", line 989, in __setattr__
[0.673s]     super().__setattr__(attr, val)
[0.673s] KeyboardInterrupt
[0.691s] gmake[2]: *** [CMakeFiles/ament_cmake_python_build_ar_track_alvar_msgs_egg.dir/build.make:70: CMakeFiles/ament_cmake_python_build_ar_track_alvar_msgs_egg] 割り込み
[0.691s] gmake[1]: *** [CMakeFiles/Makefile2:447: CMakeFiles/ament_cmake_python_build_ar_track_alvar_msgs_egg.dir/all] 割り込み
[0.691s] gmake: *** [Makefile:146: all] 割り込み
