[0.076s] Invoking command in '/home/rover/kameyama_ws/build/behavior_tree_msgs': CMAKE_PREFIX_PATH=${CMAKE_PREFIX_PATH}:/home/rover/kameyama_ws/install/ros2_aruco:/home/rover/kameyama_ws/install/failure_detection:/home/rover/kameyama_ws/install/bt_generator:/home/rover/amir_basic_ws/install/nav2_simple_commander:/home/rover/amir_basic_ws/install/camera_calibration:/opt/ros/humble /usr/bin/cmake --build /home/rover/kameyama_ws/build/behavior_tree_msgs -- -j12 -l12
[0.678s] [  0%] Built target behavior_tree_msgs__cpp
[0.679s] [ 12%] Built target behavior_tree_msgs__rosidl_generator_c
[0.679s] [ 12%] Built target ament_cmake_python_symlink_behavior_tree_msgs
[0.679s] [ 24%] Built target behavior_tree_msgs__rosidl_typesupport_cpp
[0.679s] [ 37%] Built target behavior_tree_msgs__rosidl_typesupport_introspection_cpp
[0.679s] [ 49%] Built target behavior_tree_msgs__rosidl_typesupport_fastrtps_cpp
[0.679s] [ 61%] Built target behavior_tree_msgs__rosidl_typesupport_c
[0.679s] [ 73%] Built target behavior_tree_msgs__rosidl_typesupport_fastrtps_c
[0.679s] [ 86%] Built target behavior_tree_msgs__rosidl_typesupport_introspection_c
[0.679s] [ 86%] Built target behavior_tree_msgs
[0.679s] [ 86%] Built target behavior_tree_msgs__py
[0.680s] Traceback (most recent call last):
[0.680s]   File "/home/rover/kameyama_ws/build/behavior_tree_msgs/ament_cmake_python/behavior_tree_msgs/setup.py", line 1, in <module>
[0.680s]     from setuptools import find_packages
[0.681s]   File "/home/rover/.local/lib/python3.10/site-packages/setuptools/__init__.py", line 14, in <module>
[0.681s]     import setuptools.version
[0.681s]   File "/home/rover/.local/lib/python3.10/site-packages/setuptools/version.py", line 1, in <module>
[0.681s]     import pkg_resources
[0.681s]   File "/home/rover/.local/lib/python3.10/site-packages/pkg_resources/__init__.py", line 3247, in <module>
[0.681s]     def _initialize_master_working_set():
[0.681s]   File "/home/rover/.local/lib/python3.10/site-packages/pkg_resources/__init__.py", line 3221, in _call_aside
[0.681s]     f(*args, **kwargs)
[0.681s]   File "/home/rover/.local/lib/python3.10/site-packages/pkg_resources/__init__.py", line 3272, in _initialize_master_working_set
[0.681s]     tuple(
[0.681s]   File "/home/rover/.local/lib/python3.10/site-packages/pkg_resources/__init__.py", line 3273, in <genexpr>
[0.681s]     dist.activate(replace=False)
[0.681s]   File "/home/rover/.local/lib/python3.10/site-packages/pkg_resources/__init__.py", line 2788, in activate
[0.682s]     fixup_namespace_packages(self.location)
[0.682s]   File "/home/rover/.local/lib/python3.10/site-packages/pkg_resources/__init__.py", line 2315, in fixup_namespace_packages
[0.682s]     subpath = _handle_ns(package, path_item)
[0.682s]   File "/home/rover/.local/lib/python3.10/site-packages/pkg_resources/__init__.py", line 2214, in _handle_ns
[0.682s]     spec = importer.find_spec(packageName)
[0.682s]   File "<frozen importlib._bootstrap_external>", line 1563, in find_spec
[0.682s]   File "<frozen importlib._bootstrap_external>", line 161, in _path_isfile
[0.684s]   File "<frozen importlib._bootstrap_external>", line 153, in _path_is_mode_type
[0.684s]   File "<frozen importlib._bootstrap_external>", line 140, in _path_stat
[0.684s] KeyboardInterrupt
[0.698s] gmake[2]: *** [CMakeFiles/ament_cmake_python_build_behavior_tree_msgs_egg.dir/build.make:70: CMakeFiles/ament_cmake_python_build_behavior_tree_msgs_egg] 割り込み
[0.698s] gmake[1]: *** [CMakeFiles/Makefile2:447: CMakeFiles/ament_cmake_python_build_behavior_tree_msgs_egg.dir/all] 割り込み
[0.698s] gmake[1]: *** wait: 子プロセスがありません.  中止.
[0.698s] gmake[1]: *** 未完了のジョブを待っています....
[0.698s] gmake[1]: *** wait: 子プロセスがありません.  中止.
[0.698s] gmake: *** [Makefile:146: all] エラー 2
