[  9%] Built target line_msg__rosidl_generator_c
[ 12%] Built target line_msg__cpp
[ 12%] Built target ament_cmake_python_symlink_line_msg
[ 22%] Built target line_msg__rosidl_typesupport_fastrtps_c
[ 32%] Built target line_msg__rosidl_typesupport_introspection_cpp
[ 41%] Built target line_msg__rosidl_typesupport_introspection_c
[ 51%] Built target line_msg__rosidl_typesupport_c
[ 61%] Built target line_msg__rosidl_typesupport_fastrtps_cpp
[ 70%] Built target line_msg__rosidl_typesupport_cpp
[ 70%] Built target line_msg
[ 74%] Built target line_msg__py
[ 80%] Built target line_msg__rosidl_generator_py
gmake[2]: *** [CMakeFiles/line_msg__rosidl_typesupport_introspection_c__pyext.dir/build.make:148: CMakeFiles/line_msg__rosidl_typesupport_introspection_c__pyext.dir/depend] 割り込み
gmake[2]: *** [CMakeFiles/line_msg__rosidl_typesupport_fastrtps_c__pyext.dir/build.make:148: CMakeFiles/line_msg__rosidl_typesupport_fastrtps_c__pyext.dir/depend] 割り込み
Traceback (most recent call last):
  File "/home/rover/kameyama_ws/build/line_msg/ament_cmake_python/line_msg/setup.py", line 1, in <module>
gmake[1]: *** [CMakeFiles/Makefile2:504: CMakeFiles/line_msg__rosidl_typesupport_fastrtps_c__pyext.dir/all] 割り込み
    from setuptools import find_packages
gmake[1]: *** [CMakeFiles/Makefile2:534: CMakeFiles/line_msg__rosidl_typesupport_introspection_c__pyext.dir/all] 割り込み
  File "/home/rover/.local/lib/python3.10/site-packages/setuptools/__init__.py", line 14, in <module>
gmake[2]: *** wait: 子プロセスがありません.  中止.
gmake[2]: *** 未完了のジョブを待っています....
gmake[2]: *** wait: 子プロセスがありません.  中止.
    import setuptools.version
  File "/home/rover/.local/lib/python3.10/site-packages/setuptools/version.py", line 1, in <module>
gmake[1]: *** [CMakeFiles/Makefile2:563: CMakeFiles/line_msg__rosidl_typesupport_c__pyext.dir/all] エラー 2
    import pkg_resources
  File "/home/rover/.local/lib/python3.10/site-packages/pkg_resources/__init__.py", line 3247, in <module>
    def _initialize_master_working_set():
  File "/home/rover/.local/lib/python3.10/site-packages/pkg_resources/__init__.py", line 3221, in _call_aside
    f(*args, **kwargs)
  File "/home/rover/.local/lib/python3.10/site-packages/pkg_resources/__init__.py", line 3282, in _initialize_master_working_set
    list(map(working_set.add_entry, sys.path))
  File "/home/rover/.local/lib/python3.10/site-packages/pkg_resources/__init__.py", line 619, in add_entry
    for dist in find_distributions(entry, True):
  File "/home/rover/.local/lib/python3.10/site-packages/pkg_resources/__init__.py", line 2079, in find_on_path
    path_item_entries = _by_version_descending(filtered)
  File "/home/rover/.local/lib/python3.10/site-packages/pkg_resources/__init__.py", line 2049, in _by_version_descending
    return sorted(names, key=_by_version, reverse=True)
  File "/home/rover/.local/lib/python3.10/site-packages/pkg_resources/_vendor/packaging/version.py", line 81, in __eq__
    def __eq__(self, other: object) -> bool:
KeyboardInterrupt
gmake[2]: *** [CMakeFiles/ament_cmake_python_build_line_msg_egg.dir/build.make:70: CMakeFiles/ament_cmake_python_build_line_msg_egg] 割り込み
gmake[1]: *** [CMakeFiles/Makefile2:447: CMakeFiles/ament_cmake_python_build_line_msg_egg.dir/all] 割り込み
gmake: *** [Makefile:146: all] 割り込み
