[35m[1mConsolidate compiler generated dependencies of target ros2_behavior_tree_nodes[0m
[  4%] Built target gtest_main
[  8%] Built target gtest
[ 12%] Built target example_custom_nodes
[ 17%] Built target custom_test_nodes
[ 23%] Built target ros2_behavior_tree
[ 25%] [32mBuilding CXX object CMakeFiles/ros2_behavior_tree_nodes.dir/src/node_registrar.cpp.o[0m
[ 44%] Built target bt_executor
[ 48%] Built target bt_executor_bebop
[ 55%] Built target lifecycle_node
[ 57%] Built target action_server_node
[ 57%] Built target node
[ 44%] Built target minimal
[ 63%] Built target custom_nodes
[ 70%] Built target action_server_lifecycle_node
In file included from [01m[K/home/rover/kameyama_ws/src/ros2_behavior_tree/ros2_behavior_tree/include/ros2_behavior_tree/action/create_transform_buffer_node.hpp:27[m[K,
                 from [01m[K/home/rover/kameyama_ws/src/ros2_behavior_tree/ros2_behavior_tree/src/node_registrar.cpp:22[m[K:
[01m[K/opt/ros/humble/include/tf2_geometry_msgs/tf2_geometry_msgs/tf2_geometry_msgs.h:35:2:[m[K [01;35m[Kwarning: [m[K#warning This header is obsolete, please include tf2_geometry_msgs/tf2_geometry_msgs.hpp instead [[01;35m[K]8;;https://gcc.gnu.org/onlinedocs/gcc/Warning-Options.html#index-Wcpp-Wcpp]8;;[m[K]
   35 | #[01;35m[Kwarning[m[K This header is obsolete, please include tf2_geometry_msgs/tf2_geometry_msgs.hpp instead
      |  [01;35m[K^~~~~~~[m[K
In file included from [01m[K/home/rover/kameyama_ws/src/ros2_behavior_tree/ros2_behavior_tree/src/node_registrar.cpp:79[m[K:
[01m[K/home/rover/kameyama_ws/src/ros2_behavior_tree/ros2_behavior_tree/include/ros2_behavior_tree/condition/mecanum_check_space.hpp:[m[K In member function â€˜[01m[Kvirtual BT::NodeStatus ros2_behavior_tree::MecanumCheckSpace::tick()[m[Kâ€™:
[01m[K/home/rover/kameyama_ws/src/ros2_behavior_tree/ros2_behavior_tree/include/ros2_behavior_tree/condition/mecanum_check_space.hpp:206:69:[m[K [01;31m[Kerror: [m[Kâ€˜[01m[Kcamera_y[m[Kâ€™ was not declared in this scope; did you mean â€˜[01m[Kcamera_z[m[Kâ€™?
  206 |       point_msg.point.x = - (place_pose_position_.pose.position.y - [01;31m[Kcamera_y[m[K + 0.25);
      |                                                                     [01;31m[K^~~~~~~~[m[K
      |                                                                     [32m[Kcamera_z[m[K
[01m[K/home/rover/kameyama_ws/src/ros2_behavior_tree/ros2_behavior_tree/include/ros2_behavior_tree/condition/mecanum_check_space.hpp:228:69:[m[K [01;31m[Kerror: [m[Kâ€˜[01m[Kcamera_y[m[Kâ€™ was not declared in this scope; did you mean â€˜[01m[Kcamera_z[m[Kâ€™?
  228 |       point_msg.point.x = - (place_pose_position_.pose.position.y - [01;31m[Kcamera_y[m[K);
      |                                                                     [01;31m[K^~~~~~~~[m[K
      |                                                                     [32m[Kcamera_z[m[K
[01m[K/home/rover/kameyama_ws/src/ros2_behavior_tree/ros2_behavior_tree/include/ros2_behavior_tree/condition/mecanum_check_space.hpp:262:3:[m[K [01;35m[Kwarning: [m[Kcontrol reaches end of non-void function [[01;35m[K]8;;https://gcc.gnu.org/onlinedocs/gcc/Warning-Options.html#index-Wreturn-type-Wreturn-type]8;;[m[K]
  262 |   [01;35m[K}[m[K
      |   [01;35m[K^[m[K
gmake[2]: *** [CMakeFiles/ros2_behavior_tree_nodes.dir/build.make:76: CMakeFiles/ros2_behavior_tree_nodes.dir/src/node_registrar.cpp.o] ã‚¨ãƒ©ãƒ¼ 1
gmake[1]: *** [CMakeFiles/Makefile2:224: CMakeFiles/ros2_behavior_tree_nodes.dir/all] ã‚¨ãƒ©ãƒ¼ 2
gmake: *** [Makefile:146: all] ã‚¨ãƒ©ãƒ¼ 2
