[35m[1mConsolidate compiler generated dependencies of target ros2_behavior_tree[0m
[35m[1mConsolidate compiler generated dependencies of target ros2_behavior_tree_nodes[0m
[  8%] Built target gtest
[  8%] Built target gtest_main
[ 12%] Built target example_custom_nodes
[ 19%] Built target ros2_behavior_tree
[ 23%] Built target custom_test_nodes
[ 25%] [32mBuilding CXX object CMakeFiles/ros2_behavior_tree_nodes.dir/src/node_registrar.cpp.o[0m
[35m[1mConsolidate compiler generated dependencies of target node[0m
[35m[1mConsolidate compiler generated dependencies of target bt_executor[0m
[35m[1mConsolidate compiler generated dependencies of target bt_executor_bebop[0m
[35m[1mConsolidate compiler generated dependencies of target lifecycle_node[0m
[35m[1mConsolidate compiler generated dependencies of target action_server_lifecycle_node[0m
[35m[1mConsolidate compiler generated dependencies of target action_server_node[0m
[35m[1mConsolidate compiler generated dependencies of target custom_nodes[0m
[35m[1mConsolidate compiler generated dependencies of target minimal[0m
[ 42%] Built target bt_executor_bebop
[ 42%] Built target node
[ 42%] Built target lifecycle_node
[ 48%] Built target action_server_lifecycle_node
[ 53%] Built target bt_executor
[ 59%] Built target custom_nodes
[ 65%] Built target action_server_node
[ 70%] Built target minimal
In file included from [01m[K/home/rover/kameyama_ws/src/ros2_behavior_tree/ros2_behavior_tree/include/ros2_behavior_tree/action/create_transform_buffer_node.hpp:27[m[K,
                 from [01m[K/home/rover/kameyama_ws/src/ros2_behavior_tree/ros2_behavior_tree/src/node_registrar.cpp:22[m[K:
[01m[K/opt/ros/humble/include/tf2_geometry_msgs/tf2_geometry_msgs/tf2_geometry_msgs.h:35:2:[m[K [01;35m[Kwarning: [m[K#warning This header is obsolete, please include tf2_geometry_msgs/tf2_geometry_msgs.hpp instead [[01;35m[K]8;;https://gcc.gnu.org/onlinedocs/gcc/Warning-Options.html#index-Wcpp-Wcpp]8;;[m[K]
   35 | #[01;35m[Kwarning[m[K This header is obsolete, please include tf2_geometry_msgs/tf2_geometry_msgs.hpp instead
      |  [01;35m[K^~~~~~~[m[K
In file included from [01m[K/home/rover/kameyama_ws/src/ros2_behavior_tree/ros2_behavior_tree/src/node_registrar.cpp:76[m[K:
[01m[K/home/rover/kameyama_ws/src/ros2_behavior_tree/ros2_behavior_tree/include/ros2_behavior_tree/action/mecanum_spin.hpp:[m[K In static member function ‚Äò[01m[Kstatic BT::PortsList ros2_behavior_tree::MecanumSpinNode::providedPorts()[m[K‚Äô:
[01m[K/home/rover/kameyama_ws/src/ros2_behavior_tree/ros2_behavior_tree/include/ros2_behavior_tree/action/mecanum_spin.hpp:47:21:[m[K [01;31m[Kerror: [m[K‚Äò[01m[KFloat64[m[K‚Äô was not declared in this scope; did you mean ‚Äò[01m[Kstd_msgs::msg::Float64[m[K‚Äô?
   47 |       BT::InputPort<[01;31m[KFloat64[m[K>("dop", "std_msgs::msg::Float64" ),
      |                     [01;31m[K^~~~~~~[m[K
      |                     [32m[Kstd_msgs::msg::Float64[m[K
In file included from [01m[K/opt/ros/humble/include/std_msgs/std_msgs/msg/float64.hpp:7[m[K,
                 from [01m[K/home/rover/kameyama_ws/src/ros2_behavior_tree/ros2_behavior_tree/include/ros2_behavior_tree/condition/check_help.hpp:26[m[K,
                 from [01m[K/home/rover/kameyama_ws/src/ros2_behavior_tree/ros2_behavior_tree/src/node_registrar.cpp:60[m[K:
[01m[K/opt/ros/humble/include/std_msgs/std_msgs/msg/detail/float64__struct.hpp:122:7:[m[K [01;36m[Knote: [m[K‚Äò[01m[Kstd_msgs::msg::Float64[m[K‚Äô declared here
  122 | using [01;36m[KFloat64[m[K =
      |       [01;36m[K^~~~~~~[m[K
In file included from [01m[K/home/rover/kameyama_ws/src/ros2_behavior_tree/ros2_behavior_tree/src/node_registrar.cpp:76[m[K:
[01m[K/home/rover/kameyama_ws/src/ros2_behavior_tree/ros2_behavior_tree/include/ros2_behavior_tree/action/mecanum_spin.hpp:47:29:[m[K [01;31m[Kerror: [m[Kno matching function for call to ‚Äò[01m[KInputPort<<expression error> >(const char [4], const char [23])[m[K‚Äô
   47 |       [01;31m[KBT::InputPort<Float64>("dop", "std_msgs::msg::Float64" )[m[K,
      |       [01;31m[K~~~~~~~~~~~~~~~~~~~~~~^~~~~~~~~~~~~~~~~~~~~~~~~~~~~~~~~~[m[K
In file included from [01m[K/opt/ros/humble/include/behaviortree_cpp_v3/tree_node.h:22[m[K,
                 from [01m[K/opt/ros/humble/include/behaviortree_cpp_v3/control_node.h:17[m[K,
                 from [01m[K/opt/ros/humble/include/behaviortree_cpp_v3/controls/parallel_node.h:17[m[K,
                 from [01m[K/opt/ros/humble/include/behaviortree_cpp_v3/behavior_tree.h:17[m[K,
                 from [01m[K/home/rover/kameyama_ws/src/ros2_behavior_tree/ros2_behavior_tree/include/ros2_behavior_tree/node_registrar.hpp:18[m[K,
                 from [01m[K/home/rover/kameyama_ws/src/ros2_behavior_tree/ros2_behavior_tree/src/node_registrar.cpp:15[m[K:
[01m[K/opt/ros/humble/include/behaviortree_cpp_v3/basic_types.h:302:41:[m[K [01;36m[Knote: [m[Kcandidate: ‚Äò[01m[Ktemplate<class T> std::pair<std::__cxx11::basic_string<char>, BT::PortInfo> BT::InputPort(BT::StringView, BT::StringView)[m[K‚Äô
  302 | inline std::pair<std::string, PortInfo> [01;36m[KInputPort[m[K(StringView name,
      |                                         [01;36m[K^~~~~~~~~[m[K
[01m[K/opt/ros/humble/include/behaviortree_cpp_v3/basic_types.h:302:41:[m[K [01;36m[Knote: [m[K  template argument deduction/substitution failed:
In file included from [01m[K/home/rover/kameyama_ws/src/ros2_behavior_tree/ros2_behavior_tree/src/node_registrar.cpp:76[m[K:
[01m[K/home/rover/kameyama_ws/src/ros2_behavior_tree/ros2_behavior_tree/include/ros2_behavior_tree/action/mecanum_spin.hpp:47:29:[m[K [01;31m[Kerror: [m[Ktemplate argument 1 is invalid
   47 |       [01;31m[KBT::InputPort<Float64>("dop", "std_msgs::msg::Float64" )[m[K,
      |       [01;31m[K~~~~~~~~~~~~~~~~~~~~~~^~~~~~~~~~~~~~~~~~~~~~~~~~~~~~~~~~[m[K
In file included from [01m[K/opt/ros/humble/include/behaviortree_cpp_v3/tree_node.h:22[m[K,
                 from [01m[K/opt/ros/humble/include/behaviortree_cpp_v3/control_node.h:17[m[K,
                 from [01m[K/opt/ros/humble/include/behaviortree_cpp_v3/controls/parallel_node.h:17[m[K,
                 from [01m[K/opt/ros/humble/include/behaviortree_cpp_v3/behavior_tree.h:17[m[K,
                 from [01m[K/home/rover/kameyama_ws/src/ros2_behavior_tree/ros2_behavior_tree/include/ros2_behavior_tree/node_registrar.hpp:18[m[K,
                 from [01m[K/home/rover/kameyama_ws/src/ros2_behavior_tree/ros2_behavior_tree/src/node_registrar.cpp:15[m[K:
[01m[K/opt/ros/humble/include/behaviortree_cpp_v3/basic_types.h:323:41:[m[K [01;36m[Knote: [m[Kcandidate: ‚Äò[01m[Ktemplate<class T> std::pair<std::__cxx11::basic_string<char>, BT::PortInfo> BT::InputPort(BT::StringView, const T&, BT::StringView)[m[K‚Äô
  323 | inline std::pair<std::string, PortInfo> [01;36m[KInputPort[m[K(StringView name, const T& default_value,
      |                                         [01;36m[K^~~~~~~~~[m[K
[01m[K/opt/ros/humble/include/behaviortree_cpp_v3/basic_types.h:323:41:[m[K [01;36m[Knote: [m[K  template argument deduction/substitution failed:
In file included from [01m[K/home/rover/kameyama_ws/src/ros2_behavior_tree/ros2_behavior_tree/src/node_registrar.cpp:76[m[K:
[01m[K/home/rover/kameyama_ws/src/ros2_behavior_tree/ros2_behavior_tree/include/ros2_behavior_tree/action/mecanum_spin.hpp:47:29:[m[K [01;31m[Kerror: [m[Ktemplate argument 1 is invalid
   47 |       [01;31m[KBT::InputPort<Float64>("dop", "std_msgs::msg::Float64" )[m[K,
      |       [01;31m[K~~~~~~~~~~~~~~~~~~~~~~^~~~~~~~~~~~~~~~~~~~~~~~~~~~~~~~~~[m[K
[01m[K/home/rover/kameyama_ws/src/ros2_behavior_tree/ros2_behavior_tree/include/ros2_behavior_tree/action/mecanum_spin.hpp:44:31:[m[K [01;31m[Kerror: [m[Kcannot convert ‚Äò[01m[K<brace-enclosed initializer list>[m[K‚Äô to ‚Äò[01m[KBT::PortsList[m[K‚Äô {aka ‚Äò[01m[Kstd::unordered_map<std::__cxx11::basic_string<char>, BT::PortInfo>[m[K‚Äô}
   44 |     return [01;31m[Kaugment_basic_ports({[m[K
      |            [01;31m[K~~~~~~~~~~~~~~~~~~~^~[m[K
   45 | [01;31m[K      BT::InputPort<int>("time", "std_msgs::msg::uint8_t" ),[m[K
      |       [01;31m[K~~~~~~~~~~~~~~~~~~~~~~~~~~~~~~~~~~~~~~~~~~~~~~~~~~~~~~[m[K
   46 | [01;31m[K      // BT::OutputPort<geometry_msgs::msg::PoseStamped>("output_msg", "geometry_msgs::msg::PoseStamped")[m[K
      |       [01;31m[K~~~~~~~~~~~~~~~~~~~~~~~~~~~~~~~~~~~~~~~~~~~~~~~~~~~~~~~~~~~~~~~~~~~~~~~~~~~~~~~~~~~~~~~~~~~~~~~~~~~[m[K
   47 | [01;31m[K      BT::InputPort<Float64>("dop", "std_msgs::msg::Float64" ),[m[K
      |       [01;31m[K~~~~~~~~~~~~~~~~~~~~~~~~~~~~~~~~~~~~~~~~~~~~~~~~~~~~~~~~~[m[K
   48 | 
      |                                
   49 | [01;31m[K      })[m[K;
      |       [01;31m[K~~[m[K                       
In file included from [01m[K/home/rover/kameyama_ws/src/ros2_behavior_tree/ros2_behavior_tree/include/ros2_behavior_tree/action/compute_path_to_pose_node.hpp:20[m[K,
                 from [01m[K/home/rover/kameyama_ws/src/ros2_behavior_tree/ros2_behavior_tree/src/node_registrar.cpp:20[m[K:
[01m[K/home/rover/kameyama_ws/src/ros2_behavior_tree/ros2_behavior_tree/include/ros2_behavior_tree/ros2_action_client_node.hpp:46:58:[m[K [01;36m[Knote: [m[K  initializing argument 1 of ‚Äò[01m[Kstatic BT::PortsList ros2_behavior_tree::ROS2ActionClientNode<ActionT>::augment_basic_ports(BT::PortsList) [with ActionT = behavior_tree_msgs::action::MecanumSpin; BT::PortsList = std::unordered_map<std::__cxx11::basic_string<char>, BT::PortInfo>][m[K‚Äô
   46 |   static BT::PortsList augment_basic_ports([01;36m[KBT::PortsList additional_ports[m[K)
      |                                            [01;36m[K~~~~~~~~~~~~~~^~~~~~~~~~~~~~~~[m[K
In file included from [01m[K/home/rover/kameyama_ws/src/ros2_behavior_tree/ros2_behavior_tree/src/node_registrar.cpp:76[m[K:
[01m[K/home/rover/kameyama_ws/src/ros2_behavior_tree/ros2_behavior_tree/include/ros2_behavior_tree/action/mecanum_spin.hpp:[m[K In member function ‚Äò[01m[Kvirtual void ros2_behavior_tree::MecanumSpinNode::read_input_ports(behavior_tree_msgs::action::MecanumSpin::Goal&)[m[K‚Äô:
[01m[K/home/rover/kameyama_ws/src/ros2_behavior_tree/ros2_behavior_tree/include/ros2_behavior_tree/action/mecanum_spin.hpp:59:18:[m[K [01;31m[Kerror: [m[K‚Äò[01m[KFloat64[m[K‚Äô was not declared in this scope; did you mean ‚Äò[01m[Kstd_msgs::msg::Float64[m[K‚Äô?
   59 |     if(!getInput<[01;31m[KFloat64[m[K>("dop", goal.dop))
      |                  [01;31m[K^~~~~~~[m[K
      |                  [32m[Kstd_msgs::msg::Float64[m[K
In file included from [01m[K/opt/ros/humble/include/std_msgs/std_msgs/msg/float64.hpp:7[m[K,
                 from [01m[K/home/rover/kameyama_ws/src/ros2_behavior_tree/ros2_behavior_tree/include/ros2_behavior_tree/condition/check_help.hpp:26[m[K,
                 from [01m[K/home/rover/kameyama_ws/src/ros2_behavior_tree/ros2_behavior_tree/src/node_registrar.cpp:60[m[K:
[01m[K/opt/ros/humble/include/std_msgs/std_msgs/msg/detail/float64__struct.hpp:122:7:[m[K [01;36m[Knote: [m[K‚Äò[01m[Kstd_msgs::msg::Float64[m[K‚Äô declared here
  122 | using [01;36m[KFloat64[m[K =
      |       [01;36m[K^~~~~~~[m[K
In file included from [01m[K/home/rover/kameyama_ws/src/ros2_behavior_tree/ros2_behavior_tree/src/node_registrar.cpp:76[m[K:
[01m[K/home/rover/kameyama_ws/src/ros2_behavior_tree/ros2_behavior_tree/include/ros2_behavior_tree/action/mecanum_spin.hpp:59:26:[m[K [01;31m[Kerror: [m[Kno matching function for call to ‚Äò[01m[Kros2_behavior_tree::MecanumSpinNode::getInput<<expression error> >(const char [4], behavior_tree_msgs::action::MecanumSpin_Goal_<std::allocator<void> >::_dop_type&)[m[K‚Äô
   59 |     if(![01;31m[KgetInput<Float64>("dop", goal.dop)[m[K)
      |         [01;31m[K~~~~~~~~~~~~~~~~~^~~~~~~~~~~~~~~~~[m[K
In file included from [01m[K/opt/ros/humble/include/behaviortree_cpp_v3/control_node.h:17[m[K,
                 from [01m[K/opt/ros/humble/include/behaviortree_cpp_v3/controls/parallel_node.h:17[m[K,
                 from [01m[K/opt/ros/humble/include/behaviortree_cpp_v3/behavior_tree.h:17[m[K,
                 from [01m[K/home/rover/kameyama_ws/src/ros2_behavior_tree/ros2_behavior_tree/include/ros2_behavior_tree/node_registrar.hpp:18[m[K,
                 from [01m[K/home/rover/kameyama_ws/src/ros2_behavior_tree/ros2_behavior_tree/src/node_registrar.cpp:15[m[K:
[01m[K/opt/ros/humble/include/behaviortree_cpp_v3/tree_node.h:232:15:[m[K [01;36m[Knote: [m[Kcandidate: ‚Äò[01m[Ktemplate<class T> BT::Result BT::TreeNode::getInput(const string&, T&) const[m[K‚Äô
  232 | inline Result [01;36m[KTreeNode[m[K::getInput(const std::string& key, T& destination) const
      |               [01;36m[K^~~~~~~~[m[K
[01m[K/opt/ros/humble/include/behaviortree_cpp_v3/tree_node.h:232:15:[m[K [01;36m[Knote: [m[K  template argument deduction/substitution failed:
In file included from [01m[K/home/rover/kameyama_ws/src/ros2_behavior_tree/ros2_behavior_tree/src/node_registrar.cpp:76[m[K:
[01m[K/home/rover/kameyama_ws/src/ros2_behavior_tree/ros2_behavior_tree/include/ros2_behavior_tree/action/mecanum_spin.hpp:59:26:[m[K [01;31m[Kerror: [m[Ktemplate argument 1 is invalid
   59 |     if(![01;31m[KgetInput<Float64>("dop", goal.dop)[m[K)
      |         [01;31m[K~~~~~~~~~~~~~~~~~^~~~~~~~~~~~~~~~~[m[K
In file included from [01m[K/opt/ros/humble/include/behaviortree_cpp_v3/control_node.h:17[m[K,
                 from [01m[K/opt/ros/humble/include/behaviortree_cpp_v3/controls/parallel_node.h:17[m[K,
                 from [01m[K/opt/ros/humble/include/behaviortree_cpp_v3/behavior_tree.h:17[m[K,
                 from [01m[K/home/rover/kameyama_ws/src/ros2_behavior_tree/ros2_behavior_tree/include/ros2_behavior_tree/node_registrar.hpp:18[m[K,
                 from [01m[K/home/rover/kameyama_ws/src/ros2_behavior_tree/ros2_behavior_tree/src/node_registrar.cpp:15[m[K:
[01m[K/opt/ros/humble/include/behaviortree_cpp_v3/tree_node.h:159:15:[m[K [01;36m[Knote: [m[Kcandidate: ‚Äò[01m[Ktemplate<class T> BT::Optional<T> BT::TreeNode::getInput(const string&) const[m[K‚Äô
  159 |   Optional<T> [01;36m[KgetInput[m[K(const std::string& key) const
      |               [01;36m[K^~~~~~~~[m[K
[01m[K/opt/ros/humble/include/behaviortree_cpp_v3/tree_node.h:159:15:[m[K [01;36m[Knote: [m[K  template argument deduction/substitution failed:
In file included from [01m[K/home/rover/kameyama_ws/src/ros2_behavior_tree/ros2_behavior_tree/src/node_registrar.cpp:76[m[K:
[01m[K/home/rover/kameyama_ws/src/ros2_behavior_tree/ros2_behavior_tree/include/ros2_behavior_tree/action/mecanum_spin.hpp:59:26:[m[K [01;31m[Kerror: [m[Ktemplate argument 1 is invalid
   59 |     if(![01;31m[KgetInput<Float64>("dop", goal.dop)[m[K)
      |         [01;31m[K~~~~~~~~~~~~~~~~~^~~~~~~~~~~~~~~~~[m[K
gmake[2]: *** [CMakeFiles/ros2_behavior_tree_nodes.dir/build.make:76: CMakeFiles/ros2_behavior_tree_nodes.dir/src/node_registrar.cpp.o] Ââ≤„ÇäËæº„Åø
gmake[1]: *** [CMakeFiles/Makefile2:224: CMakeFiles/ros2_behavior_tree_nodes.dir/all] Ââ≤„ÇäËæº„Åø
gmake: *** [Makefile:146: all] Ââ≤„ÇäËæº„Åø
