[0.449s] Invoking command in '/home/rover/kameyama_ws/build/ros2_behavior_tree': AMENT_PREFIX_PATH=/home/rover/kameyama_ws/install/failure_detection_msgs:/home/rover/kameyama_ws/install/observation_msgs:/home/rover/kameyama_ws/install/my_nav_msgs:/home/rover/kameyama_ws/install/behavior_tree_msgs:${AMENT_PREFIX_PATH} CMAKE_PREFIX_PATH=/home/rover/kameyama_ws/install/failure_detection_msgs:/home/rover/kameyama_ws/install/observation_msgs:/home/rover/kameyama_ws/install/my_nav_msgs:/home/rover/kameyama_ws/install/behavior_tree_msgs:/home/rover/amir_basic_ws/install/image_pipeline:/home/rover/amir_basic_ws/install/stereo_image_proc:/home/rover/amir_basic_ws/install/image_proc:/home/rover/amir_basic_ws/install/tracetools_image_pipeline:/home/rover/amir_basic_ws/install/nav2_system_tests:/home/rover/amir_basic_ws/install/nav2_bringup:/home/rover/amir_basic_ws/install/navigation2:/home/rover/amir_basic_ws/install/nav2_smoother:/home/rover/amir_basic_ws/install/nav2_graceful_controller:/home/rover/amir_basic_ws/install/nav2_dwb_controller:/home/rover/amir_basic_ws/install/nav2_controller:/home/rover/amir_basic_ws/install/dwb_plugins:/home/rover/amir_basic_ws/install/dwb_critics:/home/rover/amir_basic_ws/install/dwb_core:/home/rover/amir_basic_ws/install/nav_2d_utils:/home/rover/amir_basic_ws/install/dwb_msgs:/home/rover/amir_basic_ws/install/nav_2d_msgs:/home/rover/amir_basic_ws/install/nav2_waypoint_follower:/home/rover/amir_basic_ws/install/nav2_theta_star_planner:/home/rover/amir_basic_ws/install/nav2_smac_planner:/home/rover/amir_basic_ws/install/nav2_rotation_shim_controller:/home/rover/amir_basic_ws/install/nav2_regulated_pure_pursuit_controller:/home/rover/amir_basic_ws/install/nav2_planner:/home/rover/amir_basic_ws/install/nav2_navfn_planner:/home/rover/amir_basic_ws/install/nav2_mppi_controller:/home/rover/amir_basic_ws/install/nav2_constrained_smoother:/home/rover/amir_basic_ws/install/nav2_bt_navigator:/home/rover/amir_basic_ws/install/nav2_behaviors:/home/rover/amir_basic_ws/install/nav2_core:/home/rover/amir_basic_ws/install/nav2_collision_monitor:/home/rover/amir_basic_ws/install/costmap_queue:/home/rover/amir_basic_ws/install/nav2_costmap_2d:/home/rover/amir_basic_ws/install/nav2_voxel_grid:/home/rover/amir_basic_ws/install/nav2_velocity_smoother:/home/rover/amir_basic_ws/install/nav2_rviz_plugins:/home/rover/amir_basic_ws/install/nav2_map_server:/home/rover/amir_basic_ws/install/nav2_lifecycle_manager:/home/rover/amir_basic_ws/install/nav2_behavior_tree:/home/rover/amir_basic_ws/install/nav2_amcl:/home/rover/amir_basic_ws/install/nav2_util:/home/rover/amir_basic_ws/install/nav2_msgs:/home/rover/amir_basic_ws/install/nav2_common:/home/rover/amir_basic_ws/install/micro_ros_setup:/home/rover/amir_basic_ws/install/micro_ros_agent:/home/rover/amir_basic_ws/install/micro_ros_msgs:/home/rover/amir_basic_ws/install/image_view:/home/rover/amir_basic_ws/install/image_rotate:/home/rover/amir_basic_ws/install/image_publisher:/home/rover/amir_basic_ws/install/depth_image_proc:/home/rover/amir_basic_ws/install/darknet_ros:/home/rover/amir_basic_ws/install/darknet_ros_msgs:/home/rover/amir_basic_ws/install/behaviortree_cpp:/home/rover/amir_basic_ws/install/amir_interfaces:/home/rover/amir_basic_ws/install/nav2_simple_commander:/home/rover/amir_basic_ws/install/camera_calibration:/opt/ros/humble LD_LIBRARY_PATH=/home/rover/kameyama_ws/install/failure_detection_msgs/lib:/home/rover/kameyama_ws/install/observation_msgs/lib:/home/rover/kameyama_ws/install/my_nav_msgs/lib:/home/rover/kameyama_ws/install/behavior_tree_msgs/lib:${LD_LIBRARY_PATH} PYTHONPATH=/home/rover/kameyama_ws/install/failure_detection_msgs/local/lib/python3.10/dist-packages:/home/rover/kameyama_ws/install/observation_msgs/local/lib/python3.10/dist-packages:/home/rover/kameyama_ws/install/my_nav_msgs/local/lib/python3.10/dist-packages:/home/rover/kameyama_ws/install/behavior_tree_msgs/local/lib/python3.10/dist-packages:${PYTHONPATH} /usr/bin/cmake --build /home/rover/kameyama_ws/build/ros2_behavior_tree -- -j12 -l12
[0.509s] [35m[1mConsolidate compiler generated dependencies of target ros2_behavior_tree[0m
[0.514s] [35m[1mConsolidate compiler generated dependencies of target ros2_behavior_tree_nodes[0m
[0.525s] [  8%] Built target gtest
[0.525s] [  8%] Built target gtest_main
[0.525s] [ 12%] Built target example_custom_nodes
[0.534s] [ 19%] Built target ros2_behavior_tree
[0.534s] [ 23%] Built target custom_test_nodes
[0.549s] [ 25%] [32mBuilding CXX object CMakeFiles/ros2_behavior_tree_nodes.dir/src/node_registrar.cpp.o[0m
[0.554s] [35m[1mConsolidate compiler generated dependencies of target node[0m
[0.554s] [35m[1mConsolidate compiler generated dependencies of target bt_executor[0m
[0.555s] [35m[1mConsolidate compiler generated dependencies of target bt_executor_bebop[0m
[0.555s] [35m[1mConsolidate compiler generated dependencies of target lifecycle_node[0m
[0.555s] [35m[1mConsolidate compiler generated dependencies of target action_server_lifecycle_node[0m
[0.556s] [35m[1mConsolidate compiler generated dependencies of target action_server_node[0m
[0.556s] [35m[1mConsolidate compiler generated dependencies of target custom_nodes[0m
[0.562s] [35m[1mConsolidate compiler generated dependencies of target minimal[0m
[0.586s] [ 42%] Built target bt_executor_bebop
[0.586s] [ 42%] Built target node
[0.586s] [ 42%] Built target lifecycle_node
[0.586s] [ 48%] Built target action_server_lifecycle_node
[0.587s] [ 53%] Built target bt_executor
[0.590s] [ 59%] Built target custom_nodes
[0.590s] [ 65%] Built target action_server_node
[0.593s] [ 70%] Built target minimal
[0.848s] In file included from [01m[K/home/rover/kameyama_ws/src/ros2_behavior_tree/ros2_behavior_tree/include/ros2_behavior_tree/action/create_transform_buffer_node.hpp:27[m[K,
[0.848s]                  from [01m[K/home/rover/kameyama_ws/src/ros2_behavior_tree/ros2_behavior_tree/src/node_registrar.cpp:22[m[K:
[0.848s] [01m[K/opt/ros/humble/include/tf2_geometry_msgs/tf2_geometry_msgs/tf2_geometry_msgs.h:35:2:[m[K [01;35m[Kwarning: [m[K#warning This header is obsolete, please include tf2_geometry_msgs/tf2_geometry_msgs.hpp instead [[01;35m[K]8;;https://gcc.gnu.org/onlinedocs/gcc/Warning-Options.html#index-Wcpp-Wcpp]8;;[m[K]
[0.848s]    35 | #[01;35m[Kwarning[m[K This header is obsolete, please include tf2_geometry_msgs/tf2_geometry_msgs.hpp instead
[0.848s]       |  [01;35m[K^~~~~~~[m[K
[3.496s] In file included from [01m[K/home/rover/kameyama_ws/src/ros2_behavior_tree/ros2_behavior_tree/src/node_registrar.cpp:76[m[K:
[3.496s] [01m[K/home/rover/kameyama_ws/src/ros2_behavior_tree/ros2_behavior_tree/include/ros2_behavior_tree/action/mecanum_spin.hpp:[m[K In static member function ‚Äò[01m[Kstatic BT::PortsList ros2_behavior_tree::MecanumSpinNode::providedPorts()[m[K‚Äô:
[3.497s] [01m[K/home/rover/kameyama_ws/src/ros2_behavior_tree/ros2_behavior_tree/include/ros2_behavior_tree/action/mecanum_spin.hpp:47:21:[m[K [01;31m[Kerror: [m[K‚Äò[01m[KFloat64[m[K‚Äô was not declared in this scope; did you mean ‚Äò[01m[Kstd_msgs::msg::Float64[m[K‚Äô?
[3.497s]    47 |       BT::InputPort<[01;31m[KFloat64[m[K>("dop", "std_msgs::msg::Float64" ),
[3.497s]       |                     [01;31m[K^~~~~~~[m[K
[3.497s]       |                     [32m[Kstd_msgs::msg::Float64[m[K
[3.497s] In file included from [01m[K/opt/ros/humble/include/std_msgs/std_msgs/msg/float64.hpp:7[m[K,
[3.497s]                  from [01m[K/home/rover/kameyama_ws/src/ros2_behavior_tree/ros2_behavior_tree/include/ros2_behavior_tree/condition/check_help.hpp:26[m[K,
[3.497s]                  from [01m[K/home/rover/kameyama_ws/src/ros2_behavior_tree/ros2_behavior_tree/src/node_registrar.cpp:60[m[K:
[3.497s] [01m[K/opt/ros/humble/include/std_msgs/std_msgs/msg/detail/float64__struct.hpp:122:7:[m[K [01;36m[Knote: [m[K‚Äò[01m[Kstd_msgs::msg::Float64[m[K‚Äô declared here
[3.497s]   122 | using [01;36m[KFloat64[m[K =
[3.497s]       |       [01;36m[K^~~~~~~[m[K
[3.497s] In file included from [01m[K/home/rover/kameyama_ws/src/ros2_behavior_tree/ros2_behavior_tree/src/node_registrar.cpp:76[m[K:
[3.497s] [01m[K/home/rover/kameyama_ws/src/ros2_behavior_tree/ros2_behavior_tree/include/ros2_behavior_tree/action/mecanum_spin.hpp:47:29:[m[K [01;31m[Kerror: [m[Kno matching function for call to ‚Äò[01m[KInputPort<<expression error> >(const char [4], const char [23])[m[K‚Äô
[3.497s]    47 |       [01;31m[KBT::InputPort<Float64>("dop", "std_msgs::msg::Float64" )[m[K,
[3.497s]       |       [01;31m[K~~~~~~~~~~~~~~~~~~~~~~^~~~~~~~~~~~~~~~~~~~~~~~~~~~~~~~~~[m[K
[3.497s] In file included from [01m[K/opt/ros/humble/include/behaviortree_cpp_v3/tree_node.h:22[m[K,
[3.497s]                  from [01m[K/opt/ros/humble/include/behaviortree_cpp_v3/control_node.h:17[m[K,
[3.497s]                  from [01m[K/opt/ros/humble/include/behaviortree_cpp_v3/controls/parallel_node.h:17[m[K,
[3.497s]                  from [01m[K/opt/ros/humble/include/behaviortree_cpp_v3/behavior_tree.h:17[m[K,
[3.497s]                  from [01m[K/home/rover/kameyama_ws/src/ros2_behavior_tree/ros2_behavior_tree/include/ros2_behavior_tree/node_registrar.hpp:18[m[K,
[3.497s]                  from [01m[K/home/rover/kameyama_ws/src/ros2_behavior_tree/ros2_behavior_tree/src/node_registrar.cpp:15[m[K:
[3.497s] [01m[K/opt/ros/humble/include/behaviortree_cpp_v3/basic_types.h:302:41:[m[K [01;36m[Knote: [m[Kcandidate: ‚Äò[01m[Ktemplate<class T> std::pair<std::__cxx11::basic_string<char>, BT::PortInfo> BT::InputPort(BT::StringView, BT::StringView)[m[K‚Äô
[3.497s]   302 | inline std::pair<std::string, PortInfo> [01;36m[KInputPort[m[K(StringView name,
[3.497s]       |                                         [01;36m[K^~~~~~~~~[m[K
[3.498s] [01m[K/opt/ros/humble/include/behaviortree_cpp_v3/basic_types.h:302:41:[m[K [01;36m[Knote: [m[K  template argument deduction/substitution failed:
[3.498s] In file included from [01m[K/home/rover/kameyama_ws/src/ros2_behavior_tree/ros2_behavior_tree/src/node_registrar.cpp:76[m[K:
[3.498s] [01m[K/home/rover/kameyama_ws/src/ros2_behavior_tree/ros2_behavior_tree/include/ros2_behavior_tree/action/mecanum_spin.hpp:47:29:[m[K [01;31m[Kerror: [m[Ktemplate argument 1 is invalid
[3.498s]    47 |       [01;31m[KBT::InputPort<Float64>("dop", "std_msgs::msg::Float64" )[m[K,
[3.498s]       |       [01;31m[K~~~~~~~~~~~~~~~~~~~~~~^~~~~~~~~~~~~~~~~~~~~~~~~~~~~~~~~~[m[K
[3.498s] In file included from [01m[K/opt/ros/humble/include/behaviortree_cpp_v3/tree_node.h:22[m[K,
[3.498s]                  from [01m[K/opt/ros/humble/include/behaviortree_cpp_v3/control_node.h:17[m[K,
[3.498s]                  from [01m[K/opt/ros/humble/include/behaviortree_cpp_v3/controls/parallel_node.h:17[m[K,
[3.498s]                  from [01m[K/opt/ros/humble/include/behaviortree_cpp_v3/behavior_tree.h:17[m[K,
[3.498s]                  from [01m[K/home/rover/kameyama_ws/src/ros2_behavior_tree/ros2_behavior_tree/include/ros2_behavior_tree/node_registrar.hpp:18[m[K,
[3.498s]                  from [01m[K/home/rover/kameyama_ws/src/ros2_behavior_tree/ros2_behavior_tree/src/node_registrar.cpp:15[m[K:
[3.498s] [01m[K/opt/ros/humble/include/behaviortree_cpp_v3/basic_types.h:323:41:[m[K [01;36m[Knote: [m[Kcandidate: ‚Äò[01m[Ktemplate<class T> std::pair<std::__cxx11::basic_string<char>, BT::PortInfo> BT::InputPort(BT::StringView, const T&, BT::StringView)[m[K‚Äô
[3.498s]   323 | inline std::pair<std::string, PortInfo> [01;36m[KInputPort[m[K(StringView name, const T& default_value,
[3.498s]       |                                         [01;36m[K^~~~~~~~~[m[K
[3.498s] [01m[K/opt/ros/humble/include/behaviortree_cpp_v3/basic_types.h:323:41:[m[K [01;36m[Knote: [m[K  template argument deduction/substitution failed:
[3.498s] In file included from [01m[K/home/rover/kameyama_ws/src/ros2_behavior_tree/ros2_behavior_tree/src/node_registrar.cpp:76[m[K:
[3.498s] [01m[K/home/rover/kameyama_ws/src/ros2_behavior_tree/ros2_behavior_tree/include/ros2_behavior_tree/action/mecanum_spin.hpp:47:29:[m[K [01;31m[Kerror: [m[Ktemplate argument 1 is invalid
[3.498s]    47 |       [01;31m[KBT::InputPort<Float64>("dop", "std_msgs::msg::Float64" )[m[K,
[3.498s]       |       [01;31m[K~~~~~~~~~~~~~~~~~~~~~~^~~~~~~~~~~~~~~~~~~~~~~~~~~~~~~~~~[m[K
[3.498s] [01m[K/home/rover/kameyama_ws/src/ros2_behavior_tree/ros2_behavior_tree/include/ros2_behavior_tree/action/mecanum_spin.hpp:44:31:[m[K [01;31m[Kerror: [m[Kcannot convert ‚Äò[01m[K<brace-enclosed initializer list>[m[K‚Äô to ‚Äò[01m[KBT::PortsList[m[K‚Äô {aka ‚Äò[01m[Kstd::unordered_map<std::__cxx11::basic_string<char>, BT::PortInfo>[m[K‚Äô}
[3.498s]    44 |     return [01;31m[Kaugment_basic_ports({[m[K
[3.498s]       |            [01;31m[K~~~~~~~~~~~~~~~~~~~^~[m[K
[3.498s]    45 | [01;31m[K      BT::InputPort<int>("time", "std_msgs::msg::uint8_t" ),[m[K
[3.498s]       |       [01;31m[K~~~~~~~~~~~~~~~~~~~~~~~~~~~~~~~~~~~~~~~~~~~~~~~~~~~~~~[m[K
[3.498s]    46 | [01;31m[K      // BT::OutputPort<geometry_msgs::msg::PoseStamped>("output_msg", "geometry_msgs::msg::PoseStamped")[m[K
[3.498s]       |       [01;31m[K~~~~~~~~~~~~~~~~~~~~~~~~~~~~~~~~~~~~~~~~~~~~~~~~~~~~~~~~~~~~~~~~~~~~~~~~~~~~~~~~~~~~~~~~~~~~~~~~~~~[m[K
[3.498s]    47 | [01;31m[K      BT::InputPort<Float64>("dop", "std_msgs::msg::Float64" ),[m[K
[3.498s]       |       [01;31m[K~~~~~~~~~~~~~~~~~~~~~~~~~~~~~~~~~~~~~~~~~~~~~~~~~~~~~~~~~[m[K
[3.498s]    48 | 
[3.498s]       |                                
[3.498s]    49 | [01;31m[K      })[m[K;
[3.498s]       |       [01;31m[K~~[m[K                       
[3.498s] In file included from [01m[K/home/rover/kameyama_ws/src/ros2_behavior_tree/ros2_behavior_tree/include/ros2_behavior_tree/action/compute_path_to_pose_node.hpp:20[m[K,
[3.498s]                  from [01m[K/home/rover/kameyama_ws/src/ros2_behavior_tree/ros2_behavior_tree/src/node_registrar.cpp:20[m[K:
[3.498s] [01m[K/home/rover/kameyama_ws/src/ros2_behavior_tree/ros2_behavior_tree/include/ros2_behavior_tree/ros2_action_client_node.hpp:46:58:[m[K [01;36m[Knote: [m[K  initializing argument 1 of ‚Äò[01m[Kstatic BT::PortsList ros2_behavior_tree::ROS2ActionClientNode<ActionT>::augment_basic_ports(BT::PortsList) [with ActionT = behavior_tree_msgs::action::MecanumSpin; BT::PortsList = std::unordered_map<std::__cxx11::basic_string<char>, BT::PortInfo>][m[K‚Äô
[3.498s]    46 |   static BT::PortsList augment_basic_ports([01;36m[KBT::PortsList additional_ports[m[K)
[3.499s]       |                                            [01;36m[K~~~~~~~~~~~~~~^~~~~~~~~~~~~~~~[m[K
[3.499s] In file included from [01m[K/home/rover/kameyama_ws/src/ros2_behavior_tree/ros2_behavior_tree/src/node_registrar.cpp:76[m[K:
[3.499s] [01m[K/home/rover/kameyama_ws/src/ros2_behavior_tree/ros2_behavior_tree/include/ros2_behavior_tree/action/mecanum_spin.hpp:[m[K In member function ‚Äò[01m[Kvirtual void ros2_behavior_tree::MecanumSpinNode::read_input_ports(behavior_tree_msgs::action::MecanumSpin::Goal&)[m[K‚Äô:
[3.499s] [01m[K/home/rover/kameyama_ws/src/ros2_behavior_tree/ros2_behavior_tree/include/ros2_behavior_tree/action/mecanum_spin.hpp:59:18:[m[K [01;31m[Kerror: [m[K‚Äò[01m[KFloat64[m[K‚Äô was not declared in this scope; did you mean ‚Äò[01m[Kstd_msgs::msg::Float64[m[K‚Äô?
[3.499s]    59 |     if(!getInput<[01;31m[KFloat64[m[K>("dop", goal.dop))
[3.499s]       |                  [01;31m[K^~~~~~~[m[K
[3.499s]       |                  [32m[Kstd_msgs::msg::Float64[m[K
[3.499s] In file included from [01m[K/opt/ros/humble/include/std_msgs/std_msgs/msg/float64.hpp:7[m[K,
[3.499s]                  from [01m[K/home/rover/kameyama_ws/src/ros2_behavior_tree/ros2_behavior_tree/include/ros2_behavior_tree/condition/check_help.hpp:26[m[K,
[3.499s]                  from [01m[K/home/rover/kameyama_ws/src/ros2_behavior_tree/ros2_behavior_tree/src/node_registrar.cpp:60[m[K:
[3.499s] [01m[K/opt/ros/humble/include/std_msgs/std_msgs/msg/detail/float64__struct.hpp:122:7:[m[K [01;36m[Knote: [m[K‚Äò[01m[Kstd_msgs::msg::Float64[m[K‚Äô declared here
[3.499s]   122 | using [01;36m[KFloat64[m[K =
[3.499s]       |       [01;36m[K^~~~~~~[m[K
[3.499s] In file included from [01m[K/home/rover/kameyama_ws/src/ros2_behavior_tree/ros2_behavior_tree/src/node_registrar.cpp:76[m[K:
[3.499s] [01m[K/home/rover/kameyama_ws/src/ros2_behavior_tree/ros2_behavior_tree/include/ros2_behavior_tree/action/mecanum_spin.hpp:59:26:[m[K [01;31m[Kerror: [m[Kno matching function for call to ‚Äò[01m[Kros2_behavior_tree::MecanumSpinNode::getInput<<expression error> >(const char [4], behavior_tree_msgs::action::MecanumSpin_Goal_<std::allocator<void> >::_dop_type&)[m[K‚Äô
[3.499s]    59 |     if(![01;31m[KgetInput<Float64>("dop", goal.dop)[m[K)
[3.499s]       |         [01;31m[K~~~~~~~~~~~~~~~~~^~~~~~~~~~~~~~~~~[m[K
[3.499s] In file included from [01m[K/opt/ros/humble/include/behaviortree_cpp_v3/control_node.h:17[m[K,
[3.499s]                  from [01m[K/opt/ros/humble/include/behaviortree_cpp_v3/controls/parallel_node.h:17[m[K,
[3.499s]                  from [01m[K/opt/ros/humble/include/behaviortree_cpp_v3/behavior_tree.h:17[m[K,
[3.499s]                  from [01m[K/home/rover/kameyama_ws/src/ros2_behavior_tree/ros2_behavior_tree/include/ros2_behavior_tree/node_registrar.hpp:18[m[K,
[3.499s]                  from [01m[K/home/rover/kameyama_ws/src/ros2_behavior_tree/ros2_behavior_tree/src/node_registrar.cpp:15[m[K:
[3.499s] [01m[K/opt/ros/humble/include/behaviortree_cpp_v3/tree_node.h:232:15:[m[K [01;36m[Knote: [m[Kcandidate: ‚Äò[01m[Ktemplate<class T> BT::Result BT::TreeNode::getInput(const string&, T&) const[m[K‚Äô
[3.499s]   232 | inline Result [01;36m[KTreeNode[m[K::getInput(const std::string& key, T& destination) const
[3.499s]       |               [01;36m[K^~~~~~~~[m[K
[3.499s] [01m[K/opt/ros/humble/include/behaviortree_cpp_v3/tree_node.h:232:15:[m[K [01;36m[Knote: [m[K  template argument deduction/substitution failed:
[3.499s] In file included from [01m[K/home/rover/kameyama_ws/src/ros2_behavior_tree/ros2_behavior_tree/src/node_registrar.cpp:76[m[K:
[3.499s] [01m[K/home/rover/kameyama_ws/src/ros2_behavior_tree/ros2_behavior_tree/include/ros2_behavior_tree/action/mecanum_spin.hpp:59:26:[m[K [01;31m[Kerror: [m[Ktemplate argument 1 is invalid
[3.499s]    59 |     if(![01;31m[KgetInput<Float64>("dop", goal.dop)[m[K)
[3.499s]       |         [01;31m[K~~~~~~~~~~~~~~~~~^~~~~~~~~~~~~~~~~[m[K
[3.499s] In file included from [01m[K/opt/ros/humble/include/behaviortree_cpp_v3/control_node.h:17[m[K,
[3.499s]                  from [01m[K/opt/ros/humble/include/behaviortree_cpp_v3/controls/parallel_node.h:17[m[K,
[3.499s]                  from [01m[K/opt/ros/humble/include/behaviortree_cpp_v3/behavior_tree.h:17[m[K,
[3.499s]                  from [01m[K/home/rover/kameyama_ws/src/ros2_behavior_tree/ros2_behavior_tree/include/ros2_behavior_tree/node_registrar.hpp:18[m[K,
[3.499s]                  from [01m[K/home/rover/kameyama_ws/src/ros2_behavior_tree/ros2_behavior_tree/src/node_registrar.cpp:15[m[K:
[3.499s] [01m[K/opt/ros/humble/include/behaviortree_cpp_v3/tree_node.h:159:15:[m[K [01;36m[Knote: [m[Kcandidate: ‚Äò[01m[Ktemplate<class T> BT::Optional<T> BT::TreeNode::getInput(const string&) const[m[K‚Äô
[3.499s]   159 |   Optional<T> [01;36m[KgetInput[m[K(const std::string& key) const
[3.499s]       |               [01;36m[K^~~~~~~~[m[K
[3.499s] [01m[K/opt/ros/humble/include/behaviortree_cpp_v3/tree_node.h:159:15:[m[K [01;36m[Knote: [m[K  template argument deduction/substitution failed:
[3.499s] In file included from [01m[K/home/rover/kameyama_ws/src/ros2_behavior_tree/ros2_behavior_tree/src/node_registrar.cpp:76[m[K:
[3.499s] [01m[K/home/rover/kameyama_ws/src/ros2_behavior_tree/ros2_behavior_tree/include/ros2_behavior_tree/action/mecanum_spin.hpp:59:26:[m[K [01;31m[Kerror: [m[Ktemplate argument 1 is invalid
[3.500s]    59 |     if(![01;31m[KgetInput<Float64>("dop", goal.dop)[m[K)
[3.500s]       |         [01;31m[K~~~~~~~~~~~~~~~~~^~~~~~~~~~~~~~~~~[m[K
[11.192s] gmake[2]: *** [CMakeFiles/ros2_behavior_tree_nodes.dir/build.make:76: CMakeFiles/ros2_behavior_tree_nodes.dir/src/node_registrar.cpp.o] Ââ≤„ÇäËæº„Åø
[11.194s] gmake[1]: *** [CMakeFiles/Makefile2:224: CMakeFiles/ros2_behavior_tree_nodes.dir/all] Ââ≤„ÇäËæº„Åø
[11.194s] gmake: *** [Makefile:146: all] Ââ≤„ÇäËæº„Åø
[11.273s] Invoked command in '/home/rover/kameyama_ws/build/ros2_behavior_tree' returned '-2': AMENT_PREFIX_PATH=/home/rover/kameyama_ws/install/failure_detection_msgs:/home/rover/kameyama_ws/install/observation_msgs:/home/rover/kameyama_ws/install/my_nav_msgs:/home/rover/kameyama_ws/install/behavior_tree_msgs:${AMENT_PREFIX_PATH} CMAKE_PREFIX_PATH=/home/rover/kameyama_ws/install/failure_detection_msgs:/home/rover/kameyama_ws/install/observation_msgs:/home/rover/kameyama_ws/install/my_nav_msgs:/home/rover/kameyama_ws/install/behavior_tree_msgs:/home/rover/amir_basic_ws/install/image_pipeline:/home/rover/amir_basic_ws/install/stereo_image_proc:/home/rover/amir_basic_ws/install/image_proc:/home/rover/amir_basic_ws/install/tracetools_image_pipeline:/home/rover/amir_basic_ws/install/nav2_system_tests:/home/rover/amir_basic_ws/install/nav2_bringup:/home/rover/amir_basic_ws/install/navigation2:/home/rover/amir_basic_ws/install/nav2_smoother:/home/rover/amir_basic_ws/install/nav2_graceful_controller:/home/rover/amir_basic_ws/install/nav2_dwb_controller:/home/rover/amir_basic_ws/install/nav2_controller:/home/rover/amir_basic_ws/install/dwb_plugins:/home/rover/amir_basic_ws/install/dwb_critics:/home/rover/amir_basic_ws/install/dwb_core:/home/rover/amir_basic_ws/install/nav_2d_utils:/home/rover/amir_basic_ws/install/dwb_msgs:/home/rover/amir_basic_ws/install/nav_2d_msgs:/home/rover/amir_basic_ws/install/nav2_waypoint_follower:/home/rover/amir_basic_ws/install/nav2_theta_star_planner:/home/rover/amir_basic_ws/install/nav2_smac_planner:/home/rover/amir_basic_ws/install/nav2_rotation_shim_controller:/home/rover/amir_basic_ws/install/nav2_regulated_pure_pursuit_controller:/home/rover/amir_basic_ws/install/nav2_planner:/home/rover/amir_basic_ws/install/nav2_navfn_planner:/home/rover/amir_basic_ws/install/nav2_mppi_controller:/home/rover/amir_basic_ws/install/nav2_constrained_smoother:/home/rover/amir_basic_ws/install/nav2_bt_navigator:/home/rover/amir_basic_ws/install/nav2_behaviors:/home/rover/amir_basic_ws/install/nav2_core:/home/rover/amir_basic_ws/install/nav2_collision_monitor:/home/rover/amir_basic_ws/install/costmap_queue:/home/rover/amir_basic_ws/install/nav2_costmap_2d:/home/rover/amir_basic_ws/install/nav2_voxel_grid:/home/rover/amir_basic_ws/install/nav2_velocity_smoother:/home/rover/amir_basic_ws/install/nav2_rviz_plugins:/home/rover/amir_basic_ws/install/nav2_map_server:/home/rover/amir_basic_ws/install/nav2_lifecycle_manager:/home/rover/amir_basic_ws/install/nav2_behavior_tree:/home/rover/amir_basic_ws/install/nav2_amcl:/home/rover/amir_basic_ws/install/nav2_util:/home/rover/amir_basic_ws/install/nav2_msgs:/home/rover/amir_basic_ws/install/nav2_common:/home/rover/amir_basic_ws/install/micro_ros_setup:/home/rover/amir_basic_ws/install/micro_ros_agent:/home/rover/amir_basic_ws/install/micro_ros_msgs:/home/rover/amir_basic_ws/install/image_view:/home/rover/amir_basic_ws/install/image_rotate:/home/rover/amir_basic_ws/install/image_publisher:/home/rover/amir_basic_ws/install/depth_image_proc:/home/rover/amir_basic_ws/install/darknet_ros:/home/rover/amir_basic_ws/install/darknet_ros_msgs:/home/rover/amir_basic_ws/install/behaviortree_cpp:/home/rover/amir_basic_ws/install/amir_interfaces:/home/rover/amir_basic_ws/install/nav2_simple_commander:/home/rover/amir_basic_ws/install/camera_calibration:/opt/ros/humble LD_LIBRARY_PATH=/home/rover/kameyama_ws/install/failure_detection_msgs/lib:/home/rover/kameyama_ws/install/observation_msgs/lib:/home/rover/kameyama_ws/install/my_nav_msgs/lib:/home/rover/kameyama_ws/install/behavior_tree_msgs/lib:${LD_LIBRARY_PATH} PYTHONPATH=/home/rover/kameyama_ws/install/failure_detection_msgs/local/lib/python3.10/dist-packages:/home/rover/kameyama_ws/install/observation_msgs/local/lib/python3.10/dist-packages:/home/rover/kameyama_ws/install/my_nav_msgs/local/lib/python3.10/dist-packages:/home/rover/kameyama_ws/install/behavior_tree_msgs/local/lib/python3.10/dist-packages:${PYTHONPATH} /usr/bin/cmake --build /home/rover/kameyama_ws/build/ros2_behavior_tree -- -j12 -l12
